[2026-02-09 15:38:17] [INFO] ChipiTiempo generation started
[2026-02-09 15:38:17] [DEBUG] Collecting forecast data
[2026-02-09 15:38:17] [DEBUG] Collecting alert data
[2026-02-09 15:38:20] [DEBUG] Building HTML page
[2026-02-09 15:38:20] [INFO] [chipitiempo] index.html generado (32041 bytes, 47 horas de previsión, 77 alertas)
[2026-02-10 07:34:55] [INFO] ChipiTiempo generation started
[2026-02-10 07:34:55] [DEBUG] Collecting forecast data
[2026-02-10 07:34:55] [DEBUG] Collecting alert data
[2026-02-10 07:34:56] [DEBUG] Building HTML page
[2026-02-10 07:34:56] [INFO] [chipitiempo] index.html generado (12750 bytes, 0 horas de previsión, 17 alertas)
[2026-02-10 07:38:13] [INFO] ChipiTiempo generation started
[2026-02-10 07:38:13] [DEBUG] Collecting forecast data
[2026-02-10 07:38:13] [DEBUG] Collecting alert data
[2026-02-10 07:38:16] [DEBUG] Building HTML page
[2026-02-10 07:38:16] [INFO] [chipitiempo] index.html generado (33738 bytes, 47 horas de previsión, 79 alertas)
[2026-02-10 07:38:45] [INFO] ChipiTiempo generation started
[2026-02-10 07:38:45] [DEBUG] Collecting forecast data
[2026-02-10 07:38:45] [DEBUG] Collecting alert data
[2026-02-10 07:38:47] [DEBUG] Building HTML page
[2026-02-10 07:38:47] [INFO] [chipitiempo] index.html generado (33738 bytes, 47 horas de previsión, 79 alertas)
[2026-02-10 07:39:14] [INFO] ChipiTiempo generation started
[2026-02-10 07:39:14] [DEBUG] Collecting forecast data
[2026-02-10 07:39:14] [DEBUG] Collecting alert data
[2026-02-10 07:39:17] [DEBUG] Building HTML page
[2026-02-10 07:39:17] [INFO] [chipitiempo] index.html generado (33550 bytes, 47 horas de previsión, 79 alertas)
[2026-02-10 07:40:14] [INFO] ChipiTiempo generation started
[2026-02-10 07:40:14] [DEBUG] Collecting forecast data
[2026-02-10 07:40:15] [DEBUG] Collecting alert data
[2026-02-10 07:40:17] [DEBUG] Building HTML page
[2026-02-10 07:40:17] [INFO] [chipitiempo] index.html generado (33550 bytes, 47 horas de previsión, 79 alertas)
[2026-02-10 07:43:48] [INFO] ChipiTiempo generation started
[2026-02-10 07:43:48] [DEBUG] Collecting forecast data
[2026-02-10 07:43:50] [DEBUG] Collecting alert data
[2026-02-10 07:43:52] [DEBUG] Building HTML page
[2026-02-10 07:43:52] [INFO] [chipitiempo] index.html generado (61535 bytes, 235 horas de previsión, 79 alertas)
[2026-02-10 07:44:01] [INFO] ChipiTiempo generation started
[2026-02-10 07:44:01] [DEBUG] Collecting forecast data
[2026-02-10 07:44:03] [DEBUG] Collecting alert data
[2026-02-10 07:44:05] [DEBUG] Building HTML page
[2026-02-10 07:44:05] [INFO] [chipitiempo] index.html generado (61535 bytes, 235 horas de previsión, 79 alertas)
[2026-02-10 07:51:40] [INFO] ChipiTiempo generation started
[2026-02-10 07:51:40] [DEBUG] Collecting forecast data
[2026-02-10 07:52:04] [INFO] ChipiTiempo generation started
[2026-02-10 07:52:04] [DEBUG] Collecting forecast data
[2026-02-10 07:52:08] [DEBUG] Collecting alert data
[2026-02-10 07:52:24] [INFO] ChipiTiempo generation started
[2026-02-10 07:52:24] [DEBUG] Collecting forecast data
[2026-02-10 07:52:26] [DEBUG] Collecting alert data
[2026-02-10 07:52:41] [INFO] ChipiTiempo generation started
[2026-02-10 07:52:41] [DEBUG] Collecting forecast data
[2026-02-10 07:52:43] [DEBUG] Collecting alert data
[2026-02-10 07:52:45] [DEBUG] Building HTML page
[2026-02-10 07:54:14] [INFO] ChipiTiempo generation started
[2026-02-10 07:54:14] [DEBUG] Collecting forecast data
[2026-02-10 07:54:16] [DEBUG] Collecting alert data
[2026-02-10 07:54:18] [DEBUG] Building HTML page
[2026-02-10 07:54:18] [INFO] [chipitiempo] index.html generado (56097 bytes, 235 horas de previsión, 79 alertas)
[2026-02-10 07:57:16] [INFO] ChipiTiempo generation started
[2026-02-10 07:57:16] [DEBUG] Collecting forecast data
[2026-02-10 07:57:17] [DEBUG] Collecting alert data
[2026-02-10 07:57:20] [DEBUG] Building HTML page
[2026-02-10 07:57:20] [INFO] [chipitiempo] index.html generado (56097 bytes, 235 horas de previsión, 79 alertas)
[2026-02-10 08:03:53] [INFO] ChipiTiempo generation started
[2026-02-10 08:03:53] [DEBUG] Collecting forecast data
[2026-02-10 08:03:55] [DEBUG] Collecting alert data
[2026-02-10 08:03:58] [DEBUG] Building HTML page
[2026-02-10 08:03:58] [INFO] [chipitiempo] index.html generado (55804 bytes, 235 horas de previsión, 81 alertas)
[2026-02-10 08:06:03] [INFO] ChipiTiempo generation started
[2026-02-10 08:06:03] [DEBUG] Collecting forecast data
[2026-02-10 08:06:05] [DEBUG] Collecting alert data
[2026-02-10 08:06:07] [INFO] ChipiTiempo generation started
[2026-02-10 08:06:07] [DEBUG] Collecting forecast data
[2026-02-10 08:06:08] [DEBUG] Building HTML page
[2026-02-10 08:06:08] [INFO] [chipitiempo] index.html generado (55804 bytes, 235 horas de previsión, 81 alertas)
[2026-02-10 08:06:09] [DEBUG] Collecting alert data
[2026-02-10 08:06:12] [DEBUG] Building HTML page
[2026-02-10 08:06:12] [INFO] [chipitiempo] index.html generado (55804 bytes, 235 horas de previsión, 81 alertas)
[2026-02-10 08:08:20] [INFO] ChipiTiempo generation started
[2026-02-10 08:08:20] [DEBUG] Collecting forecast data
[2026-02-10 08:08:22] [DEBUG] Collecting alert data
[2026-02-10 08:08:25] [DEBUG] Building HTML page
[2026-02-10 08:08:25] [INFO] [chipitiempo] index.html generado (53707 bytes, 235 horas de previsión, 81 alertas)
[2026-02-10 08:09:31] [INFO] ChipiTiempo generation started
[2026-02-10 08:09:31] [DEBUG] Collecting forecast data
[2026-02-10 08:09:33] [DEBUG] Collecting alert data
[2026-02-10 08:09:36] [DEBUG] Building HTML page
[2026-02-10 08:09:36] [INFO] [chipitiempo] index.html generado (53707 bytes, 235 horas de previsión, 81 alertas)
[2026-02-10 08:11:25] [INFO] ChipiTiempo generation started
[2026-02-10 08:11:25] [DEBUG] Collecting forecast data
[2026-02-10 08:11:27] [DEBUG] Collecting alert data
[2026-02-10 08:11:30] [DEBUG] Building HTML page
[2026-02-10 08:11:30] [INFO] [chipitiempo] index.html generado (53553 bytes, 235 horas de previsión, 81 alertas)
[2026-02-10 08:14:11] [INFO] ChipiTiempo generation started
[2026-02-10 08:14:11] [DEBUG] Collecting forecast data
[2026-02-10 08:14:13] [DEBUG] Collecting alert data
[2026-02-10 08:14:16] [DEBUG] Building HTML page
[2026-02-10 08:14:16] [INFO] [chipitiempo] index.html generado (39333 bytes, 235 horas de previsión, 81 alertas)
[2026-02-10 08:17:18] [INFO] ChipiTiempo generation started
[2026-02-10 08:17:18] [DEBUG] Collecting forecast data
[2026-02-10 08:17:20] [DEBUG] Collecting alert data
[2026-02-10 08:17:22] [DEBUG] Building HTML page
[2026-02-10 08:17:22] [INFO] [chipitiempo] index.html generado (40514 bytes, 235 horas de previsión, 81 alertas)
[2026-02-10 08:19:47] [INFO] ChipiTiempo generation started
[2026-02-10 08:19:47] [DEBUG] Collecting forecast data
[2026-02-10 08:19:48] [DEBUG] Collecting alert data
[2026-02-10 08:19:51] [DEBUG] Building HTML page
[2026-02-10 08:19:51] [INFO] [chipitiempo] index.html generado (40474 bytes, 235 horas de previsión, 81 alertas)
[2026-02-10 08:20:17] [INFO] ChipiTiempo generation started
[2026-02-10 08:20:17] [DEBUG] Collecting forecast data
[2026-02-10 08:20:19] [DEBUG] Collecting alert data
[2026-02-10 08:20:22] [DEBUG] Building HTML page
[2026-02-10 08:20:22] [INFO] [chipitiempo] index.html generado (39989 bytes, 235 horas de previsión, 81 alertas)
[2026-02-10 08:20:54] [INFO] ChipiTiempo generation started
[2026-02-10 08:20:54] [DEBUG] Collecting forecast data
[2026-02-10 08:21:18] [INFO] ChipiTiempo generation started
[2026-02-10 08:21:18] [DEBUG] Collecting forecast data
[2026-02-10 08:21:20] [DEBUG] Collecting alert data
[2026-02-10 08:21:23] [DEBUG] Building HTML page
[2026-02-10 08:21:23] [INFO] [chipitiempo] index.html generado (40524 bytes, 235 horas de previsión, 81 alertas)
[2026-02-10 08:22:55] [INFO] ChipiTiempo generation started
[2026-02-10 08:22:55] [DEBUG] Collecting forecast data
[2026-02-10 08:22:56] [DEBUG] Collecting alert data
[2026-02-10 08:22:56] [ERROR] [error] HTTP 429 error for https://opendata.aemet.es/opendata/api/avisos_cap/ultimoelaborado/area/esp
[2026-02-10 08:23:07] [INFO] ChipiTiempo generation started
[2026-02-10 08:23:07] [DEBUG] Collecting forecast data
[2026-02-10 08:23:09] [DEBUG] Collecting alert data
[2026-02-10 08:23:12] [DEBUG] Building HTML page
[2026-02-10 08:23:12] [INFO] [chipitiempo] index.html generado (40479 bytes, 235 horas de previsión, 81 alertas)
[2026-02-10 08:23:19] [INFO] ChipiTiempo generation started
[2026-02-10 08:23:19] [DEBUG] Collecting forecast data
[2026-02-10 08:23:21] [DEBUG] Collecting alert data
[2026-02-10 08:23:44] [INFO] ChipiTiempo generation started
[2026-02-10 08:23:44] [DEBUG] Collecting forecast data
[2026-02-10 08:23:46] [DEBUG] Collecting alert data
[2026-02-10 08:23:48] [DEBUG] Building HTML page
[2026-02-10 08:23:49] [INFO] [chipitiempo] index.html generado (40479 bytes, 235 horas de previsión, 81 alertas)
[2026-02-10 08:27:27] [INFO] ChipiTiempo generation started
[2026-02-10 08:27:27] [DEBUG] Collecting forecast data
[2026-02-10 08:27:31] [DEBUG] Collecting alert data
[2026-02-10 08:27:33] [DEBUG] Building HTML page
[2026-02-10 08:27:33] [INFO] [chipitiempo] index.html generado (44429 bytes, 235 horas de previsión, 81 alertas)
[2026-02-10 08:28:35] [INFO] ChipiTiempo generation started
[2026-02-10 08:28:36] [DEBUG] Collecting forecast data
[2026-02-10 08:28:39] [INFO] ChipiTiempo generation started
[2026-02-10 08:28:39] [DEBUG] Collecting forecast data
[2026-02-10 08:28:39] [DEBUG] Collecting alert data
[2026-02-10 08:28:42] [DEBUG] Building HTML page
[2026-02-10 08:28:42] [INFO] [chipitiempo] index.html generado (44429 bytes, 235 horas de previsión, 81 alertas)
[2026-02-10 08:28:43] [DEBUG] Collecting alert data
[2026-02-10 08:28:45] [DEBUG] Building HTML page
[2026-02-10 08:28:45] [INFO] [chipitiempo] index.html generado (44429 bytes, 235 horas de previsión, 81 alertas)
[2026-02-10 08:29:35] [INFO] ChipiTiempo generation started
[2026-02-10 08:29:35] [DEBUG] Collecting forecast data
[2026-02-10 08:29:39] [DEBUG] Collecting alert data
[2026-02-10 08:29:42] [DEBUG] Building HTML page
[2026-02-10 08:29:42] [INFO] [chipitiempo] index.html generado (44429 bytes, 235 horas de previsión, 81 alertas)
[2026-02-10 08:31:34] [INFO] ChipiTiempo generation started
[2026-02-10 08:31:34] [DEBUG] Collecting forecast data
[2026-02-10 08:31:43] [DEBUG] Collecting alert data
[2026-02-10 08:31:45] [DEBUG] Building HTML page
[2026-02-10 08:31:45] [INFO] [chipitiempo] index.html generado (44396 bytes, 235 horas de previsión, 81 alertas)
[2026-02-10 08:32:22] [INFO] ChipiTiempo generation started
[2026-02-10 08:32:22] [DEBUG] Collecting forecast data
[2026-02-10 08:32:26] [DEBUG] Collecting alert data
[2026-02-10 08:32:28] [DEBUG] Building HTML page
[2026-02-10 08:32:28] [INFO] [chipitiempo] index.html generado (44396 bytes, 235 horas de previsión, 81 alertas)
[2026-02-10 08:34:01] [INFO] ChipiTiempo generation started
[2026-02-10 08:34:01] [DEBUG] Collecting forecast data
[2026-02-10 08:34:05] [DEBUG] Collecting alert data
[2026-02-10 08:34:07] [DEBUG] Building HTML page
[2026-02-10 08:34:07] [INFO] [chipitiempo] index.html generado (43800 bytes, 235 horas de previsión, 81 alertas)
[2026-02-10 08:37:09] [INFO] ChipiTiempo generation started
[2026-02-10 08:37:09] [DEBUG] Collecting forecast data
[2026-02-10 08:37:12] [DEBUG] Collecting alert data
[2026-02-10 08:37:15] [DEBUG] Building HTML page
[2026-02-10 08:37:15] [INFO] [chipitiempo] index.html generado (43800 bytes, 235 horas de previsión, 81 alertas)
[2026-02-10 08:44:09] [INFO] ChipiTiempo generation started
[2026-02-10 08:44:09] [DEBUG] Collecting forecast data
[2026-02-10 08:44:13] [DEBUG] Collecting alert data
[2026-02-10 08:44:16] [DEBUG] Building HTML page
[2026-02-10 08:44:16] [INFO] [chipitiempo] index.html generado (75160 bytes, 235 horas de previsión, 81 alertas)
[2026-02-10 08:46:10] [INFO] ChipiTiempo generation started
[2026-02-10 08:46:10] [DEBUG] Collecting forecast data
[2026-02-10 08:46:14] [DEBUG] Collecting alert data
[2026-02-10 08:46:16] [DEBUG] Building HTML page
[2026-02-10 08:46:16] [INFO] [chipitiempo] index.html generado (75160 bytes, 235 horas de previsión, 81 alertas)
[2026-02-10 08:48:26] [INFO] ChipiTiempo generation started
[2026-02-10 08:48:26] [DEBUG] Collecting forecast data
[2026-02-10 08:48:30] [DEBUG] Collecting alert data
[2026-02-10 08:48:32] [DEBUG] Building HTML page
[2026-02-10 08:48:32] [INFO] [chipitiempo] index.html generado (54387 bytes, 235 horas de previsión, 81 alertas)
[2026-02-10 08:48:58] [INFO] ChipiTiempo generation started
[2026-02-10 08:48:58] [DEBUG] Collecting forecast data
[2026-02-10 08:48:59] [DEBUG] Collecting alert data
[2026-02-10 08:48:59] [ERROR] [error] HTTP 429 error for https://opendata.aemet.es/opendata/api/avisos_cap/ultimoelaborado/area/esp
